<?xml version="1.0" encoding="UTF-8"?>
<!-- Generated by org.testng.reporters.JUnitXMLReporter -->
<testsuite hostname="DESKTOP-A36DDBU" ignored="0" name="Mira Safety Test Cases" tests="9" failures="0" timestamp="25 May 2019 04:19:36 GMT" time="245.59" errors="0">
  <testcase name="loginPageTitleTest" time="0.03" classname="com.MS.qa.testcases.LoginTest"/>
  <testcase name="verifyMyAccountPageTitletest" time="0.008" classname="com.MS.qa.testcases.MyAccountPageTest"/>
  <testcase name="MSLogoTest" time="0.048" classname="com.MS.qa.testcases.LoginTest"/>
  <testcase name="verifyLogoutLinkTest" time="0.034" classname="com.MS.qa.testcases.MyAccountPageTest"/>
  <testcase name="validateMenuTest" time="0.177" classname="com.MS.qa.testcases.LoginTest"/>
  <testcase name="verifyOrderHistoryTest" time="0.033" classname="com.MS.qa.testcases.MyAccountPageTest"/>
  <testcase name="validateLogOutTest" time="0.136" classname="com.MS.qa.testcases.LoginTest"/>
  <testcase name="verifyAccountDetailsTest" time="0.054" classname="com.MS.qa.testcases.MyAccountPageTest"/>
  <testcase name="loginTest" time="6.325" classname="com.MS.qa.testcases.LoginTest"/>
</testsuite> <!-- Mira Safety Test Cases -->
