<?xml version="1.0" encoding="UTF-8"?>
<!-- Generated by org.testng.reporters.JUnitXMLReporter -->
<testsuite hostname="DESKTOP-VI69P7C" ignored="0" name="Mira Safety Test Cases" tests="14" failures="0" timestamp="27 May 2019 18:09:56 GMT" time="203.994" errors="0">
  <testcase name="loginPageTitleTest" time="0.058" classname="com.MS.qa.testcases.LoginTest"/>
  <testcase name="verifyMyAccountPageTitletest" time="0.064" classname="com.MS.qa.testcases.MyAccountPageTest"/>
  <testcase name="MSLogoTest" time="0.04" classname="com.MS.qa.testcases.LoginTest"/>
  <testcase name="validateFooterTest" time="1.039" classname="com.MS.qa.testcases.MyAccountPageTest"/>
  <testcase name="validateMenuTest" time="0.164" classname="com.MS.qa.testcases.LoginTest"/>
  <testcase name="verifyLogoutLinkTest" time="0.1" classname="com.MS.qa.testcases.MyAccountPageTest"/>
  <testcase name="validateLogOutTest" time="0.137" classname="com.MS.qa.testcases.LoginTest"/>
  <testcase name="verifyOrderHistoryTest" time="0.108" classname="com.MS.qa.testcases.MyAccountPageTest"/>
  <testcase name="validateNewsLetterTest" time="0.075" classname="com.MS.qa.testcases.LoginTest"/>
  <testcase name="verifyAccountDetailsTest" time="0.14" classname="com.MS.qa.testcases.MyAccountPageTest"/>
  <testcase name="validatecustomerServicesTest" time="0.148" classname="com.MS.qa.testcases.LoginTest"/>
  <testcase name="verifyContactsLinkTest" time="5.629" classname="com.MS.qa.testcases.MyAccountPageTest"/>
  <testcase name="validateInformationTest" time="0.318" classname="com.MS.qa.testcases.LoginTest"/>
  <testcase name="loginTest" time="5.353" classname="com.MS.qa.testcases.LoginTest"/>
</testsuite> <!-- Mira Safety Test Cases -->
