<?xml version="1.0" encoding="UTF-8"?>
<testng-results skipped="0" failed="0" ignored="0" total="1" passed="1">
  <reporter-output>
  </reporter-output>
  <suite name="Default suite" duration-ms="90246" started-at="2019-05-30T16:13:51Z" finished-at="2019-05-30T16:15:21Z">
    <groups>
    </groups>
    <test name="Default test" duration-ms="90246" started-at="2019-05-30T16:13:51Z" finished-at="2019-05-30T16:15:21Z">
      <class name="com.MS.qa.testcases.ProductTest">
        <test-method status="PASS" signature="setup()[pri:0, instance:com.MS.qa.testcases.ProductTest@5b275dab]" name="setup" is-config="true" duration-ms="81427" started-at="2019-05-30T21:43:51Z" finished-at="2019-05-30T21:45:12Z">
          <reporter-output>
          </reporter-output>
        </test-method> <!-- setup -->
        <test-method status="PASS" signature="ProductpageTtitleTest()[pri:0, instance:com.MS.qa.testcases.ProductTest@5b275dab]" name="ProductpageTtitleTest" duration-ms="8790" started-at="2019-05-30T21:45:12Z" finished-at="2019-05-30T21:45:21Z">
          <reporter-output>
          </reporter-output>
        </test-method> <!-- ProductpageTtitleTest -->
      </class> <!-- com.MS.qa.testcases.ProductTest -->
    </test> <!-- Default test -->
  </suite> <!-- Default suite -->
</testng-results>
