<?xml version="1.0" encoding="UTF-8"?>
<testng-results ignored="0" total="1" passed="1" failed="0" skipped="0">
  <reporter-output>
  </reporter-output>
  <suite started-at="2019-06-04T05:31:54Z" name="Default suite" finished-at="2019-06-04T05:32:21Z" duration-ms="27096">
    <groups>
    </groups>
    <test started-at="2019-06-04T05:31:54Z" name="Default test" finished-at="2019-06-04T05:32:21Z" duration-ms="27096">
      <class name="com.MS.qa.testcases.CalculateQty">
        <test-method is-config="true" signature="setup()[pri:0, instance:com.MS.qa.testcases.CalculateQty@5906ebcb]" started-at="2019-06-04T11:01:54Z" name="setup" finished-at="2019-06-04T11:02:12Z" duration-ms="17420" status="PASS">
          <reporter-output>
          </reporter-output>
        </test-method> <!-- setup -->
        <test-method signature="CalculateQtyPerPrice()[pri:0, instance:com.MS.qa.testcases.CalculateQty@5906ebcb]" started-at="2019-06-04T11:02:12Z" name="CalculateQtyPerPrice" finished-at="2019-06-04T11:02:21Z" duration-ms="9648" status="PASS">
          <reporter-output>
          </reporter-output>
        </test-method> <!-- CalculateQtyPerPrice -->
      </class> <!-- com.MS.qa.testcases.CalculateQty -->
    </test> <!-- Default test -->
  </suite> <!-- Default suite -->
</testng-results>
